0 info it worked if it ends with ok
1 verbose cli [ 'D:\\Program Files\\nodejs\\node.exe',
1 verbose cli   'D:\\Program Files\\nodejs\\node_global\\node_modules\\npm\\bin\\npm-cli.js',
1 verbose cli   'run',
1 verbose cli   'dev' ]
2 info using npm@6.4.1
3 info using node@v10.13.0
4 verbose run-script [ 'predev', 'dev', 'postdev' ]
5 info lifecycle vueadmin@1.0.5~predev: vueadmin@1.0.5
6 info lifecycle vueadmin@1.0.5~dev: vueadmin@1.0.5
7 verbose lifecycle vueadmin@1.0.5~dev: unsafe-perm in lifecycle true
8 verbose lifecycle vueadmin@1.0.5~dev: PATH: D:\Program Files\nodejs\node_global\node_modules\npm\node_modules\npm-lifecycle\node-gyp-bin;D:\phpStudy\WWW\ur_meta\node_modules\.bin;C:\Program Files\Git\mingw64\bin;C:\Program Files\Git\usr\bin;C:\Users\Administrator\bin;C:\Windows\system32;C:\Windows;C:\Windows\System32\Wbem;C:\Windows\System32\WindowsPowerShell\v1.0;C:\Program Files\Git\cmd;D:\phpStudy\php\php-7.0.12-nts;C:\ProgramData\ComposerSetup\bin;C:\Program Files\TortoiseSVN\bin;C:\Go\bin;D:\Program Files\nodejs;D:\Program Files\nodejs\node_global;C:\Users\Administrator\AppData\Local\Programs\Python\Python37\Scripts;C:\Users\Administrator\AppData\Local\Programs\Python\Python37;C:\Users\Administrator\AppData\Roaming\Composer\vendor\bin;C:\ProgramData\ComposerSetup\bin;D:\phpStudy\php\php-7.0.12-nts;C:\Users\Administrator\AppData\Roaming\Composer;C:\Users\Administrator\AppData\Roaming\Composer\vendor\bin;D:\Go\bin;C:\Users\Administrator\AppData\Roaming\npm;D:\Program Files (x86)\DriverGenius;D:\Program Files (x86)\DriverGenius\ksoft
9 verbose lifecycle vueadmin@1.0.5~dev: CWD: D:\phpStudy\WWW\ur_meta
10 silly lifecycle vueadmin@1.0.5~dev: Args: [ '/d /s /c', 'node build/dev-server.js' ]
11 silly lifecycle vueadmin@1.0.5~dev: Returned: code: 1  signal: null
12 info lifecycle vueadmin@1.0.5~dev: Failed to exec dev script
13 verbose stack Error: vueadmin@1.0.5 dev: `node build/dev-server.js`
13 verbose stack Exit status 1
13 verbose stack     at EventEmitter.<anonymous> (D:\Program Files\nodejs\node_global\node_modules\npm\node_modules\npm-lifecycle\index.js:301:16)
13 verbose stack     at EventEmitter.emit (events.js:182:13)
13 verbose stack     at ChildProcess.<anonymous> (D:\Program Files\nodejs\node_global\node_modules\npm\node_modules\npm-lifecycle\lib\spawn.js:55:14)
13 verbose stack     at ChildProcess.emit (events.js:182:13)
13 verbose stack     at maybeClose (internal/child_process.js:962:16)
13 verbose stack     at Process.ChildProcess._handle.onexit (internal/child_process.js:251:5)
14 verbose pkgid vueadmin@1.0.5
15 verbose cwd D:\phpStudy\WWW\ur_meta
16 verbose Windows_NT 6.1.7601
17 verbose argv "D:\\Program Files\\nodejs\\node.exe" "D:\\Program Files\\nodejs\\node_global\\node_modules\\npm\\bin\\npm-cli.js" "run" "dev"
18 verbose node v10.13.0
19 verbose npm  v6.4.1
20 error code ELIFECYCLE
21 error errno 1
22 error vueadmin@1.0.5 dev: `node build/dev-server.js`
22 error Exit status 1
23 error Failed at the vueadmin@1.0.5 dev script.
23 error This is probably not a problem with npm. There is likely additional logging output above.
24 verbose exit [ 1, true ]
